<?xml version="1.0" encoding="UTF-8"?>
<testsuite xmlns:xsi="http://www.w3.org/2001/XMLSchema-instance" xsi:noNamespaceSchemaLocation="https://maven.apache.org/surefire/maven-surefire-plugin/xsd/surefire-test-report-3.0.xsd" version="3.0" name="com.mercadolibre.saedsap_demo_app.service.ParserXMLTest" time="0.03" tests="3" errors="0" skipped="0" failures="0">
  <properties>
[...]
</properties>
  <testcase name="parserTransaccionesREJECT" classname="com.mercadolibre.saedsap_demo_app.service.ParserXMLTest" time="0.009">
    <system-out><![CDATA[14:21:25.413 [main] INFO  c.m.s.service.ParserXML - Parseamos documento 
14:21:25.417 [main] INFO  c.m.s.service.ParserXML - tamaño de total tran 2
14:21:25.417 [main] INFO  c.m.s.service.ParserXML - Obtener las transacciones con BTM
14:21:25.418 [main] INFO  c.m.s.service.ParserXML - Elimina nodo OrgnlGrpInfAndSts
14:21:25.419 [main] INFO  c.m.s.service.ParserXML - transaccion con sts RJCT
14:21:25.422 [main] INFO  c.m.s.service.ParserXML - <?xml version="1.0" encoding="UTF-8"?><Document xmlns="urn:iso:std:iso:20022:tech:xsd:pain.002.001.03" xmlns:xsi="http://www.w3.org/2001/XMLSchema-instance"><CstmrPmtStsRpt><GrpHdr><MsgId>CITIBANK/20220513-PSR/6448280</MsgId><CreDtTm>2022-05-13T11:10:59</CreDtTm><InitgPty><Id><OrgId><BICOrBEI>CITIUS33</BICOrBEI></OrgId></Id></InitgPty></GrpHdr><OrgnlPmtInfAndSts><OrgnlPmtInfId>mlu:withdraw:citibank:1652410200000</OrgnlPmtInfId><TxInfAndSts><OrgnlEndToEndId>BTM22314631276</OrgnlEndToEndId><TxSts>RJCT</TxSts><StsRsnInf><Orgtr><Nm>CitiDirect</Nm></Orgtr><Rsn><Cd>NARR</Cd></Rsn><AddtlInf>/99999999/CB RejectedNo account / Unable to Locate Account (R03 in US-ACH) (LA_83)</AddtlInf></StsRsnInf><AcctSvcrRef>04986885700000029</AcctSvcrRef><OrgnlTxRef><Amt><InstdAmt Ccy="UYU">1490</InstdAmt></Amt><ReqdExctnDt>2022-05-13</ReqdExctnDt><PmtTpInf><SvcLvl><Cd>NURG</Cd></SvcLvl><LclInstrm><Prtry>441</Prtry></LclInstrm></PmtTpInf><PmtMtd>TRF</PmtMtd><Dbtr><Nm>MERCADOPAGO S.A</Nm><PstlAdr><Ctry>UY</Ctry></PstlAdr></Dbtr><DbtrAcct><Id><Othr><Id>0061140026</Id></Othr></Id><Tp><Prtry>CACC</Prtry></Tp></DbtrAcct><DbtrAgt><FinInstnId><BIC>CITIUYMMXXX</BIC><ClrSysMmbId><MmbId>Uruguay</MmbId></ClrSysMmbId><PstlAdr><Ctry>UY</Ctry></PstlAdr></FinInstnId><BrnchId><Id>858</Id></BrnchId></DbtrAgt><CdtrAgt><FinInstnId><ClrSysMmbId><MmbId>001</MmbId></ClrSysMmbId></FinInstnId><BrnchId><Id>0001</Id></BrnchId></CdtrAgt><Cdtr><Nm>Carmen Maclean</Nm></Cdtr><CdtrAcct><Id><Othr><Id>01044717525185</Id></Othr></Id><Tp><Prtry>CACC</Prtry></Tp></CdtrAcct></OrgnlTxRef></TxInfAndSts></OrgnlPmtInfAndSts></CstmrPmtStsRpt></Document>
]]></system-out>
  </testcase>
  <testcase name="parserTransaccionessinBTM" classname="com.mercadolibre.saedsap_demo_app.service.ParserXMLTest" time="0.007">
    <system-out><![CDATA[14:21:25.424 [main] INFO  c.m.s.service.ParserXML - Parseamos documento 
14:21:25.428 [main] INFO  c.m.s.service.ParserXML - tamaño de total tran 4
14:21:25.429 [main] INFO  c.m.s.service.ParserXML - Obtener las transacciones con BTM
]]></system-out>
  </testcase>
  <testcase name="parserTransaccionesACCEPT" classname="com.mercadolibre.saedsap_demo_app.service.ParserXMLTest" time="0.011">
    <system-out><![CDATA[14:21:25.431 [main] INFO  c.m.s.service.ParserXML - Parseamos documento 
14:21:25.435 [main] INFO  c.m.s.service.ParserXML - tamaño de total tran 4
14:21:25.435 [main] INFO  c.m.s.service.ParserXML - Obtener las transacciones con BTM
14:21:25.437 [main] INFO  c.m.s.service.ParserXML - Elimina nodo OrgnlGrpInfAndSts
14:21:25.441 [main] INFO  c.m.s.service.ParserXML - <?xml version="1.0" encoding="UTF-8"?><Document xmlns="urn:iso:std:iso:20022:tech:xsd:pain.002.001.03" xmlns:xsi="http://www.w3.org/2001/XMLSchema-instance"><CstmrPmtStsRpt><GrpHdr><MsgId>CITIBANK/20220513-PSR/6448806</MsgId><CreDtTm>2022-05-13T11:40:48</CreDtTm><InitgPty><Id><OrgId><BICOrBEI>CITIUS33</BICOrBEI></OrgId></Id></InitgPty></GrpHdr><OrgnlPmtInfAndSts><OrgnlPmtInfId>mlu:withdraw:citibank:1652412300000</OrgnlPmtInfId><TxInfAndSts><OrgnlEndToEndId>BTM22315186494</OrgnlEndToEndId><TxSts>ACSP</TxSts><StsRsnInf><Orgtr><Nm>CitiDirect</Nm></Orgtr><Rsn><Cd>NARR</Cd></Rsn><AddtlInf>/00000000/CB Processed</AddtlInf></StsRsnInf><AcctSvcrRef>04986885000000003</AcctSvcrRef><OrgnlTxRef><Amt><InstdAmt Ccy="UYU">5089.9</InstdAmt></Amt><ReqdExctnDt>2022-05-13</ReqdExctnDt><PmtTpInf><SvcLvl><Cd>NURG</Cd></SvcLvl><LclInstrm><Prtry>441</Prtry></LclInstrm></PmtTpInf><PmtMtd>TRF</PmtMtd><Dbtr><Nm>MERCADOPAGO S.A</Nm><PstlAdr><Ctry>UY</Ctry></PstlAdr></Dbtr><DbtrAcct><Id><Othr><Id>0061140026</Id></Othr></Id><Tp><Prtry>CACC</Prtry></Tp></DbtrAcct><DbtrAgt><FinInstnId><BIC>CITIUYMMXXX</BIC><ClrSysMmbId><MmbId>Uruguay</MmbId></ClrSysMmbId><PstlAdr><Ctry>UY</Ctry></PstlAdr></FinInstnId><BrnchId><Id>858</Id></BrnchId></DbtrAgt><CdtrAgt><FinInstnId><ClrSysMmbId><MmbId>113</MmbId></ClrSysMmbId></FinInstnId><BrnchId><Id>0001</Id></BrnchId></CdtrAgt><Cdtr><Nm>Vilmar Quiroga Silveira</Nm></Cdtr><CdtrAcct><Id><Othr><Id>9477951</Id></Othr></Id><Tp><Prtry>CACC</Prtry></Tp></CdtrAcct></OrgnlTxRef></TxInfAndSts></OrgnlPmtInfAndSts></CstmrPmtStsRpt></Document>
14:21:25.441 [main] INFO  c.m.s.service.ParserXML - <?xml version="1.0" encoding="UTF-8"?><Document xmlns="urn:iso:std:iso:20022:tech:xsd:pain.002.001.03" xmlns:xsi="http://www.w3.org/2001/XMLSchema-instance"><CstmrPmtStsRpt><GrpHdr><MsgId>CITIBANK/20220513-PSR/6448806</MsgId><CreDtTm>2022-05-13T11:40:48</CreDtTm><InitgPty><Id><OrgId><BICOrBEI>CITIUS33</BICOrBEI></OrgId></Id></InitgPty></GrpHdr><OrgnlPmtInfAndSts><OrgnlPmtInfId>mlu:withdraw:citibank:1652412300000</OrgnlPmtInfId><TxInfAndSts><OrgnlEndToEndId>BTM22315186494</OrgnlEndToEndId><TxSts>ACSP</TxSts><StsRsnInf><Orgtr><Nm>CitiDirect</Nm></Orgtr><Rsn><Cd>NARR</Cd></Rsn><AddtlInf>/00000000/CB Processed</AddtlInf></StsRsnInf><AcctSvcrRef>04986885000000003</AcctSvcrRef><OrgnlTxRef><Amt><InstdAmt Ccy="UYU">6899.9</InstdAmt></Amt><ReqdExctnDt>2022-05-13</ReqdExctnDt><PmtTpInf><SvcLvl><Cd>NURG</Cd></SvcLvl><LclInstrm><Prtry>441</Prtry></LclInstrm></PmtTpInf><PmtMtd>TRF</PmtMtd><Dbtr><Nm>MERCADOPAGO S.A</Nm><PstlAdr><Ctry>UY</Ctry></PstlAdr></Dbtr><DbtrAcct><Id><Othr><Id>0061140026</Id></Othr></Id><Tp><Prtry>CACC</Prtry></Tp></DbtrAcct><DbtrAgt><FinInstnId><BIC>CITIUYMMXXX</BIC><ClrSysMmbId><MmbId>Uruguay</MmbId></ClrSysMmbId><PstlAdr><Ctry>UY</Ctry></PstlAdr></FinInstnId><BrnchId><Id>858</Id></BrnchId></DbtrAgt><CdtrAgt><FinInstnId><ClrSysMmbId><MmbId>113</MmbId></ClrSysMmbId></FinInstnId><BrnchId><Id>0001</Id></BrnchId></CdtrAgt><Cdtr><Nm>Vilmar Quiroga Silveira</Nm></Cdtr><CdtrAcct><Id><Othr><Id>9477951</Id></Othr></Id><Tp><Prtry>CACC</Prtry></Tp></CdtrAcct></OrgnlTxRef></TxInfAndSts></OrgnlPmtInfAndSts></CstmrPmtStsRpt></Document>
14:21:25.441 [main] INFO  c.m.s.service.ParserXML - <?xml version="1.0" encoding="UTF-8"?><Document xmlns="urn:iso:std:iso:20022:tech:xsd:pain.002.001.03" xmlns:xsi="http://www.w3.org/2001/XMLSchema-instance"><CstmrPmtStsRpt><GrpHdr><MsgId>CITIBANK/20220513-PSR/6448806</MsgId><CreDtTm>2022-05-13T11:40:48</CreDtTm><InitgPty><Id><OrgId><BICOrBEI>CITIUS33</BICOrBEI></OrgId></Id></InitgPty></GrpHdr><OrgnlPmtInfAndSts><OrgnlPmtInfId>mlu:withdraw:citibank:1652412300000</OrgnlPmtInfId><TxInfAndSts><OrgnlEndToEndId>BTM22315186494</OrgnlEndToEndId><TxSts>ACSP</TxSts><StsRsnInf><Orgtr><Nm>CitiDirect</Nm></Orgtr><Rsn><Cd>NARR</Cd></Rsn><AddtlInf>/00000000/CB Processed</AddtlInf></StsRsnInf><AcctSvcrRef>04986885000000003</AcctSvcrRef><OrgnlTxRef><Amt><InstdAmt Ccy="UYU">900900.9</InstdAmt></Amt><ReqdExctnDt>2022-05-13</ReqdExctnDt><PmtTpInf><SvcLvl><Cd>NURG</Cd></SvcLvl><LclInstrm><Prtry>441</Prtry></LclInstrm></PmtTpInf><PmtMtd>TRF</PmtMtd><Dbtr><Nm>MERCADOPAGO S.A</Nm><PstlAdr><Ctry>UY</Ctry></PstlAdr></Dbtr><DbtrAcct><Id><Othr><Id>0061140026</Id></Othr></Id><Tp><Prtry>CACC</Prtry></Tp></DbtrAcct><DbtrAgt><FinInstnId><BIC>CITIUYMMXXX</BIC><ClrSysMmbId><MmbId>Uruguay</MmbId></ClrSysMmbId><PstlAdr><Ctry>UY</Ctry></PstlAdr></FinInstnId><BrnchId><Id>858</Id></BrnchId></DbtrAgt><CdtrAgt><FinInstnId><ClrSysMmbId><MmbId>113</MmbId></ClrSysMmbId></FinInstnId><BrnchId><Id>0001</Id></BrnchId></CdtrAgt><Cdtr><Nm>Vilmar Quiroga Silveira</Nm></Cdtr><CdtrAcct><Id><Othr><Id>9477951</Id></Othr></Id><Tp><Prtry>CACC</Prtry></Tp></CdtrAcct></OrgnlTxRef></TxInfAndSts></OrgnlPmtInfAndSts></CstmrPmtStsRpt></Document>
]]></system-out>
  </testcase>
</testsuite>